
> @riskmate/backend@0.1.0 dev /Users/surensureshkumar/coding projects/riskmate/apps/backend
> tsx watch src/index.ts

7:48:13 AM [tsx] change in ./src/routes/team.ts Rerunning...
c🚀 RiskMate Backend API running on port 5173
📡 Health check: http://localhost:5173/health
7:55:01 AM [tsx] change in ./src/routes/team.ts Rerunning...
c8:11:56 AM [tsx] change in ./src/routes/team.ts Rerunning...
c8:13:35 AM [tsx] change in ./src/routes/subscriptions.ts Rerunning...
c8:14:42 AM [tsx] change in ./src/routes/subscriptions.ts Rerunning...
c8:16:17 AM [tsx] change in ./src/routes/subscriptions.ts Rerunning...
c8:37:12 AM [tsx] change in ./src/routes/subscriptions.ts Rerunning...
c🚀 RiskMate Backend API running on port 5173
📡 Health check: http://localhost:5173/health
10:21:00 AM [tsx] change in ./src/routes/subscriptions.ts Restarting...
c🚀 RiskMate Backend API running on port 5173
📡 Health check: http://localhost:5173/health
10:21:04 AM [tsx] change in ./src/routes/subscriptions.ts Restarting...
c10:21:04 AM [tsx] change in ./src/routes/team.ts Restarting...
c10:22:38 AM [tsx] change in ./src/routes/subscriptions.ts Rerunning...
c10:22:51 AM [tsx] change in ./src/routes/subscriptions.ts Rerunning...
c10:24:04 AM [tsx] change in ./src/routes/subscriptions.ts Rerunning...
c10:24:19 AM [tsx] change in ./src/routes/subscriptions.ts Rerunning...
c10:24:27 AM [tsx] change in ./src/routes/subscriptions.ts Rerunning...
c10:24:39 AM [tsx] change in ./src/routes/subscriptions.ts Rerunning...
c10:25:03 AM [tsx] change in ./src/routes/subscriptions.ts Rerunning...
c10:25:35 AM [tsx] change in ./src/routes/subscriptions.ts Rerunning...
c10:28:15 AM [tsx] change in ./src/routes/subscriptions.ts Rerunning...
c10:28:23 AM [tsx] change in ./src/routes/subscriptions.ts Rerunning...
c10:28:36 AM [tsx] change in ./src/routes/subscriptions.ts Rerunning...
c10:33:29 AM [tsx] change in ./src/middleware/auth.ts Rerunning...
c10:35:12 AM [tsx] change in ./src/routes/subscriptions.ts Rerunning...
c10:36:54 AM [tsx] change in ./src/routes/subscriptions.ts Rerunning...
c10:37:19 AM [tsx] change in ./src/routes/subscriptions.ts Rerunning...
c10:46:35 AM [tsx] change in ./src/routes/subscriptions.ts Rerunning...
c10:50:35 AM [tsx] change in ./src/routes/subscriptions.ts Rerunning...
c10:50:53 AM [tsx] change in ./src/routes/subscriptions.ts Rerunning...
c10:51:06 AM [tsx] change in ./src/routes/subscriptions.ts Rerunning...
c10:51:08 AM [tsx] change in ./src/routes/subscriptions.ts Rerunning...
c10:52:39 AM [tsx] change in ./src/routes/subscriptions.ts Rerunning...
c10:52:56 AM [tsx] change in ./src/routes/subscriptions.ts Rerunning...
c10:53:48 AM [tsx] change in ./src/index.ts Rerunning...
c10:55:06 AM [tsx] change in ./src/index.ts Rerunning...
c11:07:03 AM [tsx] change in ./src/middleware/limits.ts Rerunning...
c11:07:58 AM [tsx] change in ./src/routes/reports.ts Rerunning...
c11:08:44 AM [tsx] change in ./src/middleware/auth.ts Rerunning...
c🚀 RiskMate Backend API running on port 5173
📡 Health check: http://localhost:5173/health
11:10:04 AM [tsx] change in ./src/middleware/auth.ts Restarting...
c11:10:17 AM [tsx] change in ./src/middleware/auth.ts Rerunning...
c11:19:33 AM [tsx] change in ./src/routes/subscriptions.ts Rerunning...
c🚀 RiskMate Backend API running on port 5173
📡 Health check: http://localhost:5173/health
11:19:52 AM [tsx] change in ./src/routes/subscriptions.ts Restarting...
c11:20:48 AM [tsx] change in ./src/routes/subscriptions.ts Rerunning...
c11:21:10 AM [tsx] change in ./src/routes/subscriptions.ts Rerunning...
c11:22:04 AM [tsx] change in ./src/routes/subscriptions.ts Rerunning...
c11:42:09 AM [tsx] change in ./src/routes/stripeWebhook.ts Rerunning...
c11:42:57 AM [tsx] change in ./src/routes/subscriptions.ts Rerunning...
c🚀 RiskMate Backend API running on port 5173
📡 Health check: http://localhost:5173/health
11:44:56 AM [tsx] change in ./src/routes/subscriptions.ts Restarting...
c🚀 RiskMate Backend API running on port 5173
📡 Health check: http://localhost:5173/health
11:45:19 AM [tsx] change in ./src/routes/subscriptions.ts Restarting...
c11:45:30 AM [tsx] change in ./src/routes/subscriptions.ts Rerunning...
c11:48:22 AM [tsx] change in ./src/routes/subscriptions.ts Rerunning...
c11:48:51 AM [tsx] change in ./src/routes/subscriptions.ts Rerunning...
c11:49:15 AM [tsx] change in ./src/routes/subscriptions.ts Rerunning...
c🚀 RiskMate Backend API running on port 5173
📡 Health check: http://localhost:5173/health
11:50:35 AM [tsx] change in ./src/routes/subscriptions.ts Restarting...
c12:00:59 PM [tsx] change in ./src/routes/stripeWebhook.ts Rerunning...
c🚀 RiskMate Backend API running on port 5173
📡 Health check: http://localhost:5173/health
12:09:01 PM [tsx] change in ./src/middleware/auth.ts Restarting...
c12:09:18 PM [tsx] change in ./src/middleware/auth.ts Rerunning...
c🚀 RiskMate Backend API running on port 5173
📡 Health check: http://localhost:5173/health
12:10:47 PM [tsx] change in ./src/middleware/limits.ts Restarting...
c12:11:01 PM [tsx] change in ./src/routes/team.ts Rerunning...
c12:12:04 PM [tsx] change in ./src/routes/stripeWebhook.ts Rerunning...
c🚀 RiskMate Backend API running on port 5173
📡 Health check: http://localhost:5173/health
12:12:52 PM [tsx] change in ./src/routes/subscriptions.ts Restarting...
c12:13:06 PM [tsx] change in ./src/routes/subscriptions.ts Rerunning...
c🚀 RiskMate Backend API running on port 5173
📡 Health check: http://localhost:5173/health
12:14:30 PM [tsx] change in ./src/routes/stripeWebhook.ts Restarting...
c12:15:29 PM [tsx] change in ./src/routes/stripeWebhook.ts Rerunning...
c🚀 RiskMate Backend API running on port 5173
📡 Health check: http://localhost:5173/health
10:39:02 AM [tsx] change in ./src/middleware/auth.ts Restarting...
c10:39:31 AM [tsx] change in ./src/middleware/auth.ts Rerunning...
c1:42:07 AM [tsx] change in ./src/routes/subscriptions.ts Rerunning...
c1:42:20 AM [tsx] change in ./src/routes/subscriptions.ts Rerunning...
c🚀 RiskMate Backend API running on port 5173
📡 Health check: http://localhost:5173/health
1:42:44 AM [tsx] change in ./src/routes/subscriptions.ts Restarting...
c1:43:31 AM [tsx] change in ./src/routes/subscriptions.ts Rerunning...
c2:40:21 AM [tsx] change in ./src/middleware/limits.ts Rerunning...
c2:40:48 AM [tsx] change in ./src/routes/subscriptions.ts Rerunning...
c2:40:50 AM [tsx] change in ./src/routes/team.ts Restarting...
c2:41:00 AM [tsx] change in ./src/middleware/auth.ts Rerunning...
c2:41:01 AM [tsx] change in ./src/middleware/limits.ts Restarting...
c2:41:01 AM [tsx] change in ./src/middleware/auth.ts Restarting...
c2:41:02 AM [tsx] change in ./src/middleware/auth.ts Restarting...
c2:41:52 AM [tsx] change in ./src/routes/subscriptions.ts Rerunning...
c🚀 RiskMate Backend API running on port 5173
📡 Health check: http://localhost:5173/health
2:42:02 AM [tsx] change in ./src/routes/subscriptions.ts Restarting...
c2:42:12 AM [tsx] change in ./src/routes/subscriptions.ts Rerunning...
c2:43:04 AM [tsx] change in ./src/routes/subscriptions.ts Rerunning...
c🚀 RiskMate Backend API running on port 5173
📡 Health check: http://localhost:5173/health
2:49:18 AM [tsx] change in ./src/routes/team.ts Restarting...
c2:49:41 AM [tsx] change in ./src/routes/team.ts Rerunning...
c3:50:42 AM [tsx] change in ./src/routes/subscriptions.ts Rerunning...
c4:15:49 AM [tsx] change in ./src/utils/jobReport.ts Rerunning...
c4:16:28 AM [tsx] change in ./src/utils/jobReport.ts Rerunning...
c4:22:48 AM [tsx] change in ./src/utils/jobReport.ts Rerunning...
c4:23:29 AM [tsx] change in ./src/utils/jobReport.ts Rerunning...
c4:23:42 AM [tsx] change in ./src/utils/jobReport.ts Rerunning...
c4:23:56 AM [tsx] change in ./src/utils/jobReport.ts Restarting...
4:24:01 AM [tsx] Process didn't exit in 5s. Force killing...
c🚀 RiskMate Backend API running on port 5173
📡 Health check: http://localhost:5173/health
5:03:40 AM [tsx] change in ./src/utils/pdfGenerator.ts Restarting...
c5:11:15 AM [tsx] change in ./src/utils/pdfGenerator.ts Rerunning...
c5:16:51 AM [tsx] change in ./src/utils/pdfGenerator.ts Rerunning...
c5:16:59 AM [tsx] change in ./src/routes/reports.ts Rerunning...
c5:17:30 AM [tsx] change in ./src/routes/reports.ts Rerunning...
c5:22:05 AM [tsx] change in ./src/utils/pdfGenerator.ts Rerunning...
c5:22:17 AM [tsx] change in ./src/utils/pdfGenerator.ts Rerunning...
c🚀 RiskMate Backend API running on port 5173
📡 Health check: http://localhost:5173/health
5:22:29 AM [tsx] change in ./src/utils/pdfGenerator.ts Restarting...
c5:22:35 AM [tsx] change in ./src/utils/pdfGenerator.ts Rerunning...
c5:22:40 AM [tsx] change in ./src/utils/pdfGenerator.ts Rerunning...
c5:22:46 AM [tsx] change in ./src/utils/pdfGenerator.ts Rerunning...
c🚀 RiskMate Backend API running on port 5173
📡 Health check: http://localhost:5173/health
5:22:52 AM [tsx] change in ./src/utils/pdfGenerator.ts Restarting...
c🚀 RiskMate Backend API running on port 5173
📡 Health check: http://localhost:5173/health
5:22:58 AM [tsx] change in ./src/utils/pdfGenerator.ts Restarting...
c5:23:04 AM [tsx] change in ./src/utils/pdfGenerator.ts Rerunning...
c5:23:20 AM [tsx] change in ./src/routes/reports.ts Rerunning...
c5:23:27 AM [tsx] change in ./src/routes/reports.ts Rerunning...
c🚀 RiskMate Backend API running on port 5173
📡 Health check: http://localhost:5173/health
5:25:17 AM [tsx] change in ./src/utils/pdfGenerator.ts Restarting...
c5:25:24 AM [tsx] change in ./src/utils/pdfGenerator.ts Rerunning...
c🚀 RiskMate Backend API running on port 5173
📡 Health check: http://localhost:5173/health
5:25:33 AM [tsx] change in ./src/routes/reports.ts Restarting...
c5:25:46 AM [tsx] change in ./src/routes/reports.ts Rerunning...
c5:27:02 AM [tsx] change in ./src/utils/pdfGenerator.ts Rerunning...
c5:27:21 AM [tsx] change in ./src/utils/pdfGenerator.ts Rerunning...
c5:27:35 AM [tsx] change in ./src/utils/pdfGenerator.ts Rerunning...
c5:27:45 AM [tsx] change in ./src/utils/pdfGenerator.ts Rerunning...
c5:28:00 AM [tsx] change in ./src/utils/pdfGenerator.ts Rerunning...
c5:28:10 AM [tsx] change in ./src/utils/pdfGenerator.ts Rerunning...
c🚀 RiskMate Backend API running on port 5173
📡 Health check: http://localhost:5173/health
5:28:21 AM [tsx] change in ./src/utils/pdfGenerator.ts Restarting...
c5:58:56 AM [tsx] change in ./src/utils/pdfGenerator.ts Rerunning...
c🚀 RiskMate Backend API running on port 5173
📡 Health check: http://localhost:5173/health
5:59:00 AM [tsx] change in ./src/utils/pdfGenerator.ts Restarting...
c5:59:27 AM [tsx] change in ./src/utils/pdfGenerator.ts Rerunning...
c5:59:30 AM [tsx] change in ./src/utils/pdfGenerator.ts Rerunning...
c5:59:53 AM [tsx] change in ./src/utils/pdfGenerator.ts Rerunning...
c6:00:09 AM [tsx] change in ./src/utils/pdfGenerator.ts Rerunning...
c6:02:33 AM [tsx] change in ./src/routes/reports.ts Rerunning...
c6:02:45 AM [tsx] change in ./src/routes/reports.ts Restarting...
6:02:50 AM [tsx] Process didn't exit in 5s. Force killing...
c6:08:05 AM [tsx] change in ./src/utils/pdfGenerator.ts Rerunning...
c🚀 RiskMate Backend API running on port 5173
📡 Health check: http://localhost:5173/health
6:08:15 AM [tsx] change in ./src/utils/pdfGenerator.ts Restarting...
c6:08:24 AM [tsx] change in ./src/utils/pdfGenerator.ts Rerunning...
c6:08:36 AM [tsx] change in ./src/utils/pdfGenerator.ts Rerunning...
c6:08:53 AM [tsx] change in ./src/utils/pdfGenerator.ts Rerunning...
c6:25:57 AM [tsx] change in ./src/utils/pdfGenerator.ts Rerunning...
c6:26:25 AM [tsx] change in ./src/utils/pdfGenerator.ts Rerunning...
c6:26:54 AM [tsx] change in ./src/utils/pdfGenerator.ts Rerunning...
c🚀 RiskMate Backend API running on port 5173
📡 Health check: http://localhost:5173/health
6:27:13 AM [tsx] change in ./src/utils/pdfGenerator.ts Restarting...
c6:27:23 AM [tsx] change in ./src/utils/pdfGenerator.ts Rerunning...
c6:27:32 AM [tsx] change in ./src/utils/pdfGenerator.ts Rerunning...
c🚀 RiskMate Backend API running on port 5173
📡 Health check: http://localhost:5173/health
6:27:52 AM [tsx] change in ./src/utils/pdfGenerator.ts Restarting...
c11:33:06 AM [tsx] change in ./src/utils/pdfGenerator.ts Rerunning...
c11:33:10 AM [tsx] change in ./src/routes/reports.ts Restarting...
11:33:15 AM [tsx] Process didn't exit in 5s. Force killing...
c11:33:24 AM [tsx] change in ./src/utils/pdfGenerator.ts Restarting...
11:33:29 AM [tsx] Process didn't exit in 5s. Force killing...
c11:33:36 AM [tsx] change in ./src/utils/pdfGenerator.ts Restarting...
11:33:41 AM [tsx] Process didn't exit in 5s. Force killing...
c11:35:16 AM [tsx] change in ./src/utils/pdfGenerator.ts Rerunning...
c11:35:16 AM [tsx] change in ./src/utils/pdfGenerator.ts Restarting...
c11:35:24 AM [tsx] change in ./src/routes/reports.ts Restarting...
11:35:24 AM [tsx] change in ./src/routes/reports.ts Process hasn't exited. Killing process...
c11:35:59 AM [tsx] change in ./src/utils/pdfGenerator.ts Rerunning...
c11:36:00 AM [tsx] change in ./src/routes/reports.ts Restarting...
c11:36:00 AM [tsx] change in ./src/routes/reports.ts Restarting...
c11:36:41 AM [tsx] change in ./src/utils/pdfGenerator.ts Rerunning...
c11:36:44 AM [tsx] change in ./src/routes/reports.ts Restarting...
11:36:49 AM [tsx] Process didn't exit in 5s. Force killing...
c11:39:28 AM [tsx] change in ./src/utils/pdfGenerator.ts Rerunning...
c11:39:38 AM [tsx] change in ./src/utils/pdfGenerator.ts Rerunning...
c11:39:53 AM [tsx] change in ./src/utils/pdfGenerator.ts Rerunning...
c11:40:04 AM [tsx] change in ./src/utils/pdfGenerator.ts Rerunning...
c11:40:14 AM [tsx] change in ./src/utils/pdfGenerator.ts Rerunning...
c11:40:25 AM [tsx] change in ./src/utils/pdfGenerator.ts Rerunning...
c11:40:38 AM [tsx] change in ./src/utils/pdfGenerator.ts Rerunning...
c11:40:50 AM [tsx] change in ./src/utils/pdfGenerator.ts Rerunning...
c11:41:01 AM [tsx] change in ./src/utils/pdfGenerator.ts Rerunning...
c11:41:12 AM [tsx] change in ./src/utils/pdfGenerator.ts Rerunning...
c11:41:23 AM [tsx] change in ./src/utils/pdfGenerator.ts Rerunning...
c11:41:33 AM [tsx] change in ./src/utils/pdfGenerator.ts Rerunning...
c11:41:44 AM [tsx] change in ./src/utils/pdfGenerator.ts Rerunning...
c11:41:55 AM [tsx] change in ./src/utils/pdfGenerator.ts Rerunning...
c11:42:07 AM [tsx] change in ./src/utils/pdfGenerator.ts Rerunning...
c11:42:18 AM [tsx] change in ./src/utils/pdfGenerator.ts Rerunning...
c11:42:29 AM [tsx] change in ./src/utils/pdfGenerator.ts Rerunning...
c11:42:40 AM [tsx] change in ./src/utils/pdfGenerator.ts Rerunning...
c11:42:51 AM [tsx] change in ./src/utils/pdfGenerator.ts Rerunning...
c11:43:02 AM [tsx] change in ./src/utils/pdfGenerator.ts Rerunning...
c11:43:14 AM [tsx] change in ./src/utils/pdfGenerator.ts Rerunning...
c11:43:25 AM [tsx] change in ./src/utils/pdfGenerator.ts Rerunning...
c11:43:42 AM [tsx] change in ./src/utils/pdfGenerator.ts Rerunning...
c11:43:51 AM [tsx] change in ./src/utils/pdfGenerator.ts Rerunning...
c11:48:55 AM [tsx] change in ./src/auth/planRules.ts Rerunning...
c11:48:55 AM [tsx] change in ./src/auth/planRules.ts Restarting...
c11:49:20 AM [tsx] change in ./src/auth/planRules.ts Rerunning...
c3:52:47 AM [tsx] change in ./src/utils/pdfGenerator.ts Rerunning...
c3:53:05 AM [tsx] change in ./src/utils/pdfGenerator.ts Rerunning...
c🚀 RiskMate Backend API running on port 5173
📡 Health check: http://localhost:5173/health
3:53:15 AM [tsx] change in ./src/utils/pdfGenerator.ts Restarting...
c3:57:03 AM [tsx] change in ./src/utils/pdfGenerator.ts Rerunning...
c3:57:22 AM [tsx] change in ./src/utils/pdfGenerator.ts Rerunning...
c3:57:34 AM [tsx] change in ./src/utils/pdfGenerator.ts Rerunning...
c3:57:48 AM [tsx] change in ./src/utils/pdfGenerator.ts Rerunning...
c3:58:03 AM [tsx] change in ./src/utils/pdfGenerator.ts Rerunning...
c🚀 RiskMate Backend API running on port 5173
📡 Health check: http://localhost:5173/health
3:58:16 AM [tsx] change in ./src/utils/pdfGenerator.ts Restarting...
c3:58:29 AM [tsx] change in ./src/utils/pdfGenerator.ts Rerunning...
c3:58:44 AM [tsx] change in ./src/utils/pdfGenerator.ts Rerunning...
c3:58:58 AM [tsx] change in ./src/utils/pdfGenerator.ts Rerunning...
c3:59:11 AM [tsx] change in ./src/utils/pdfGenerator.ts Rerunning...
c3:59:24 AM [tsx] change in ./src/utils/pdfGenerator.ts Rerunning...
c3:59:38 AM [tsx] change in ./src/utils/pdfGenerator.ts Rerunning...
c🚀 RiskMate Backend API running on port 5173
📡 Health check: http://localhost:5173/health
3:59:51 AM [tsx] change in ./src/utils/pdfGenerator.ts Restarting...
c4:00:12 AM [tsx] change in ./src/utils/pdfGenerator.ts Rerunning...
c🚀 RiskMate Backend API running on port 5173
📡 Health check: http://localhost:5173/health
4:00:28 AM [tsx] change in ./src/utils/pdfGenerator.ts Restarting...
c4:00:43 AM [tsx] change in ./src/utils/pdfGenerator.ts Rerunning...
c4:00:59 AM [tsx] change in ./src/utils/pdfGenerator.ts Rerunning...
c4:01:13 AM [tsx] change in ./src/utils/pdfGenerator.ts Rerunning...
c4:01:46 AM [tsx] change in ./src/utils/pdfGenerator.ts Rerunning...
c4:02:12 AM [tsx] change in ./src/utils/pdfGenerator.ts Rerunning...
c4:02:27 AM [tsx] change in ./src/utils/pdfGenerator.ts Rerunning...
c4:02:47 AM [tsx] change in ./src/utils/pdfGenerator.ts Rerunning...
c4:03:03 AM [tsx] change in ./src/utils/pdfGenerator.ts Rerunning...
c4:03:16 AM [tsx] change in ./src/utils/pdfGenerator.ts Rerunning...
c🚀 RiskMate Backend API running on port 5173
📡 Health check: http://localhost:5173/health
4:45:48 AM [tsx] change in ./src/utils/pdfGenerator.ts Restarting...
c4:46:06 AM [tsx] change in ./src/utils/pdfGenerator.ts Rerunning...
c4:46:26 AM [tsx] change in ./src/utils/pdfGenerator.ts Rerunning...
c4:46:40 AM [tsx] change in ./src/utils/pdfGenerator.ts Rerunning...
c4:46:58 AM [tsx] change in ./src/utils/pdfGenerator.ts Rerunning...
c4:47:18 AM [tsx] change in ./src/utils/pdfGenerator.ts Rerunning...
c🚀 RiskMate Backend API running on port 5173
📡 Health check: http://localhost:5173/health
4:47:57 AM [tsx] change in ./src/utils/pdfGenerator.ts Restarting...
c4:48:56 AM [tsx] change in ./src/utils/pdfGenerator.ts Rerunning...
c🚀 RiskMate Backend API running on port 5173
📡 Health check: http://localhost:5173/health
4:49:18 AM [tsx] change in ./src/utils/pdfGenerator.ts Restarting...
c4:49:37 AM [tsx] change in ./src/utils/pdfGenerator.ts Rerunning...
c🚀 RiskMate Backend API running on port 5173
📡 Health check: http://localhost:5173/health
4:54:59 AM [tsx] change in ./src/utils/pdfGenerator.ts Restarting...
c4:55:18 AM [tsx] change in ./src/utils/pdfGenerator.ts Rerunning...
c4:58:23 AM [tsx] change in ./src/utils/pdfGenerator.ts Rerunning...
c4:59:19 AM [tsx] change in ./src/utils/pdfGenerator.ts Rerunning...
c🚀 RiskMate Backend API running on port 5173
📡 Health check: http://localhost:5173/health
5:00:12 AM [tsx] change in ./src/utils/pdfGenerator.ts Restarting...
c5:00:52 AM [tsx] change in ./src/utils/pdfGenerator.ts Rerunning...
c5:01:18 AM [tsx] change in ./src/utils/pdfGenerator.ts Rerunning...
c5:01:39 AM [tsx] change in ./src/utils/pdfGenerator.ts Rerunning...
c🚀 RiskMate Backend API running on port 5173
📡 Health check: http://localhost:5173/health
5:01:51 AM [tsx] change in ./src/utils/pdfGenerator.ts Restarting...
c5:02:03 AM [tsx] change in ./src/utils/pdfGenerator.ts Rerunning...
c5:02:16 AM [tsx] change in ./src/utils/pdfGenerator.ts Rerunning...
c5:02:44 AM [tsx] change in ./src/utils/pdfGenerator.ts Rerunning...
c5:03:12 AM [tsx] change in ./src/utils/pdfGenerator.ts Rerunning...
c5:03:59 AM [tsx] change in ./src/routes/reports.ts Rerunning...
c5:04:08 AM [tsx] change in ./src/routes/reports.ts Rerunning...
c🚀 RiskMate Backend API running on port 5173
📡 Health check: http://localhost:5173/health
5:04:25 AM [tsx] change in ./src/routes/reports.ts Restarting...
c5:04:41 AM [tsx] change in ./src/routes/reports.ts Rerunning...
c🚀 RiskMate Backend API running on port 5173
📡 Health check: http://localhost:5173/health
5:05:14 AM [tsx] change in ./src/routes/reports.ts Restarting...
c5:05:49 AM [tsx] change in ./src/routes/reports.ts Rerunning...
c5:05:59 AM [tsx] change in ./src/routes/reports.ts Rerunning...
c5:06:33 AM [tsx] change in ./src/routes/reports.ts Rerunning...
c🚀 RiskMate Backend API running on port 5173
📡 Health check: http://localhost:5173/health
5:07:03 AM [tsx] change in ./src/routes/reports.ts Restarting...
c5:07:11 AM [tsx] change in ./src/routes/reports.ts Rerunning...
c5:07:39 AM [tsx] change in ./src/routes/reports.ts Rerunning...
c5:07:50 AM [tsx] change in ./src/routes/reports.ts Rerunning...
c5:08:00 AM [tsx] change in ./src/routes/reports.ts Rerunning...
c5:08:25 AM [tsx] change in ./src/routes/reports.ts Rerunning...
c5:08:45 AM [tsx] change in ./src/routes/reports.ts Rerunning...
c5:08:55 AM [tsx] change in ./src/routes/reports.ts Rerunning...
c5:09:15 AM [tsx] change in ./src/routes/reports.ts Rerunning...
c🚀 RiskMate Backend API running on port 5173
📡 Health check: http://localhost:5173/health
5:09:31 AM [tsx] change in ./src/routes/reports.ts Restarting...
c5:09:48 AM [tsx] change in ./src/routes/reports.ts Rerunning...
c5:10:05 AM [tsx] change in ./src/routes/reports.ts Rerunning...
c5:10:23 AM [tsx] change in ./src/routes/reports.ts Rerunning...
c5:10:39 AM [tsx] change in ./src/routes/reports.ts Rerunning...
c5:11:01 AM [tsx] change in ./src/routes/reports.ts Rerunning...
c5:11:12 AM [tsx] change in ./src/routes/reports.ts Rerunning...
c5:11:26 AM [tsx] change in ./src/routes/reports.ts Rerunning...
c5:11:44 AM [tsx] change in ./src/routes/reports.ts Rerunning...
c5:11:55 AM [tsx] change in ./src/routes/reports.ts Rerunning...
c5:12:13 AM [tsx] change in ./src/routes/reports.ts Rerunning...
c🚀 RiskMate Backend API running on port 5173
📡 Health check: http://localhost:5173/health
5:12:29 AM [tsx] change in ./src/routes/reports.ts Restarting...
c5:13:33 AM [tsx] change in ./src/utils/pdfGenerator.ts Rerunning...
c🚀 RiskMate Backend API running on port 5173
📡 Health check: http://localhost:5173/health
5:13:51 AM [tsx] change in ./src/utils/pdfGenerator.ts Restarting...
c5:14:11 AM [tsx] change in ./src/utils/pdfGenerator.ts Rerunning...
c🚀 RiskMate Backend API running on port 5173
📡 Health check: http://localhost:5173/health
5:14:30 AM [tsx] change in ./src/utils/pdfGenerator.ts Restarting...
c5:14:47 AM [tsx] change in ./src/utils/pdfGenerator.ts Rerunning...
c🚀 RiskMate Backend API running on port 5173
📡 Health check: http://localhost:5173/health
5:15:06 AM [tsx] change in ./src/utils/pdfGenerator.ts Restarting...
c5:15:23 AM [tsx] change in ./src/utils/pdfGenerator.ts Rerunning...
c🚀 RiskMate Backend API running on port 5173
📡 Health check: http://localhost:5173/health
5:15:41 AM [tsx] change in ./src/utils/pdfGenerator.ts Restarting...
c🚀 RiskMate Backend API running on port 5173
📡 Health check: http://localhost:5173/health
5:15:59 AM [tsx] change in ./src/utils/pdfGenerator.ts Restarting...
c5:16:14 AM [tsx] change in ./src/utils/pdfGenerator.ts Rerunning...
c5:16:37 AM [tsx] change in ./src/utils/pdfGenerator.ts Rerunning...
c5:16:54 AM [tsx] change in ./src/utils/pdfGenerator.ts Rerunning...
c5:17:10 AM [tsx] change in ./src/utils/pdfGenerator.ts Rerunning...
c🚀 RiskMate Backend API running on port 5173
📡 Health check: http://localhost:5173/health
5:17:28 AM [tsx] change in ./src/utils/pdfGenerator.ts Restarting...
c🚀 RiskMate Backend API running on port 5173
📡 Health check: http://localhost:5173/health
5:17:44 AM [tsx] change in ./src/utils/pdfGenerator.ts Restarting...
c5:18:00 AM [tsx] change in ./src/utils/pdfGenerator.ts Rerunning...
c🚀 RiskMate Backend API running on port 5173
📡 Health check: http://localhost:5173/health
5:18:18 AM [tsx] change in ./src/utils/pdfGenerator.ts Restarting...
c5:18:37 AM [tsx] change in ./src/utils/pdfGenerator.ts Rerunning...
c5:18:57 AM [tsx] change in ./src/utils/pdfGenerator.ts Rerunning...
c🚀 RiskMate Backend API running on port 5173
📡 Health check: http://localhost:5173/health
5:20:30 AM [tsx] change in ./src/utils/pdfGenerator.ts Restarting...
c5:21:37 AM [tsx] change in ./src/utils/pdfGenerator.ts Rerunning...
c5:21:59 AM [tsx] change in ./src/utils/pdfGenerator.ts Rerunning...
c5:22:22 AM [tsx] change in ./src/utils/pdfGenerator.ts Rerunning...
c🚀 RiskMate Backend API running on port 5173
📡 Health check: http://localhost:5173/health
5:22:51 AM [tsx] change in ./src/utils/pdfGenerator.ts Restarting...
c5:23:12 AM [tsx] change in ./src/utils/pdfGenerator.ts Rerunning...
c5:26:12 AM [tsx] change in ./src/utils/pdfGenerator.ts Rerunning...
c5:26:40 AM [tsx] change in ./src/utils/pdfGenerator.ts Rerunning...
c5:30:26 AM [tsx] change in ./src/utils/pdfGenerator.ts Rerunning...
c5:30:44 AM [tsx] change in ./src/utils/pdfGenerator.ts Rerunning...
c5:31:09 AM [tsx] change in ./src/utils/pdfGenerator.ts Rerunning...
c5:32:17 AM [tsx] change in ./src/utils/pdfGenerator.ts Rerunning...
c5:32:41 AM [tsx] change in ./src/utils/pdfGenerator.ts Rerunning...
c5:33:00 AM [tsx] change in ./src/utils/pdfGenerator.ts Rerunning...
c5:33:22 AM [tsx] change in ./src/utils/pdfGenerator.ts Rerunning...
c5:34:42 AM [tsx] change in ./src/utils/pdfGenerator.ts Rerunning...
c10:15:12 AM [tsx] change in ./src/utils/pdfGenerator.ts Rerunning...
c10:19:54 AM [tsx] change in ./src/utils/pdfGenerator.ts Rerunning...
c10:20:07 AM [tsx] change in ./src/utils/pdfGenerator.ts Rerunning...
c10:20:22 AM [tsx] change in ./src/utils/pdfGenerator.ts Rerunning...
c🚀 RiskMate Backend API running on port 5173
📡 Health check: http://localhost:5173/health
10:20:39 AM [tsx] change in ./src/utils/pdfGenerator.ts Restarting...
c10:20:54 AM [tsx] change in ./src/utils/pdfGenerator.ts Rerunning...
c10:21:10 AM [tsx] change in ./src/utils/pdfGenerator.ts Rerunning...
c10:21:24 AM [tsx] change in ./src/utils/pdfGenerator.ts Rerunning...
c10:21:40 AM [tsx] change in ./src/utils/pdfGenerator.ts Rerunning...
c🚀 RiskMate Backend API running on port 5173
📡 Health check: http://localhost:5173/health
10:21:53 AM [tsx] change in ./src/utils/pdfGenerator.ts Restarting...
c10:22:25 AM [tsx] change in ./src/utils/pdfGenerator.ts Rerunning...
c10:22:39 AM [tsx] change in ./src/utils/pdfGenerator.ts Rerunning...
c10:23:14 AM [tsx] change in ./src/utils/pdfGenerator.ts Rerunning...
c10:23:38 AM [tsx] change in ./src/utils/pdfGenerator.ts Rerunning...
c10:25:27 AM [tsx] change in ./src/utils/pdfGenerator.ts Rerunning...
c🚀 RiskMate Backend API running on port 5173
📡 Health check: http://localhost:5173/health
10:34:54 AM [tsx] change in ./src/utils/pdfGenerator.ts Restarting...
c10:48:06 AM [tsx] change in ./src/auth/planRules.ts Rerunning...
c10:48:34 AM [tsx] change in ./src/routes/reports.ts Rerunning...
c10:48:35 AM [tsx] change in ./src/auth/planRules.ts Restarting...
c🚀 RiskMate Backend API running on port 5173
📡 Health check: http://localhost:5173/health
10:50:26 AM [tsx] change in ./src/utils/pdfGenerator.ts Restarting...
c10:50:40 AM [tsx] change in ./src/utils/pdfGenerator.ts Rerunning...
c10:50:53 AM [tsx] change in ./src/utils/pdfGenerator.ts Rerunning...
c10:51:09 AM [tsx] change in ./src/utils/pdfGenerator.ts Rerunning...
c10:51:56 AM [tsx] change in ./src/utils/pdfGenerator.ts Rerunning...
c10:54:49 AM [tsx] change in ./src/utils/pdfGenerator.ts Rerunning...
c10:55:23 AM [tsx] change in ./src/utils/pdfGenerator.ts Rerunning...
c11:22:19 AM [tsx] change in ./src/utils/pdfGenerator.ts Rerunning...
c11:22:47 AM [tsx] change in ./src/utils/pdfGenerator.ts Rerunning...
c2:36:29 PM [tsx] change in ./src/utils/pdfGenerator.ts Rerunning...
c2:36:49 PM [tsx] change in ./src/utils/pdfGenerator.ts Rerunning...
c2:37:09 PM [tsx] change in ./src/utils/pdfGenerator.ts Rerunning...
c2:37:26 PM [tsx] change in ./src/utils/pdfGenerator.ts Rerunning...
c2:37:43 PM [tsx] change in ./src/utils/pdfGenerator.ts Rerunning...
c🚀 RiskMate Backend API running on port 5173
📡 Health check: http://localhost:5173/health
2:38:03 PM [tsx] change in ./src/utils/pdfGenerator.ts Restarting...
c2:38:25 PM [tsx] change in ./src/utils/pdfGenerator.ts Rerunning...
c2:38:50 PM [tsx] change in ./src/utils/pdfGenerator.ts Rerunning...
c2:40:06 PM [tsx] change in ./src/utils/pdfGenerator.ts Rerunning...
c2:40:08 PM [tsx] change in ./src/auth/planRules.ts Restarting...
c2:41:01 PM [tsx] change in ./src/utils/pdfGenerator.ts Rerunning...
c2:41:10 PM [tsx] change in ./src/auth/planRules.ts Rerunning...
c🚀 RiskMate Backend API running on port 5173
📡 Health check: http://localhost:5173/health
2:42:08 PM [tsx] change in ./src/utils/pdfGenerator.ts Restarting...
c2:42:30 PM [tsx] change in ./src/utils/pdfGenerator.ts Rerunning...
c2:43:57 PM [tsx] change in ./src/utils/pdfGenerator.ts Rerunning...
c2:44:17 PM [tsx] change in ./src/utils/pdfGenerator.ts Rerunning...
c2:46:18 PM [tsx] change in ./src/utils/pdfGenerator.ts Rerunning...
c2:46:21 PM [tsx] change in ./src/auth/planRules.ts Restarting...
🚀 RiskMate Backend API running on port 5173
📡 Health check: http://localhost:5173/health
c2:47:08 PM [tsx] change in ./src/utils/pdfGenerator.ts Rerunning...
c🚀 RiskMate Backend API running on port 5173
📡 Health check: http://localhost:5173/health
2:47:17 PM [tsx] change in ./src/auth/planRules.ts Restarting...
c2:48:15 PM [tsx] change in ./src/utils/pdfGenerator.ts Rerunning...
c2:48:18 PM [tsx] change in ./src/auth/planRules.ts Restarting...
🚀 RiskMate Backend API running on port 5173
📡 Health check: http://localhost:5173/health
c3:00:30 PM [tsx] change in ./src/routes/reports.ts Rerunning...
c3:01:31 PM [tsx] change in ./src/utils/pdf/index.ts Rerunning...
c3:02:22 PM [tsx] unlink in ./src/utils/pdfGenerator.ts Rerunning...
c3:02:45 PM [tsx] change in ./src/routes/reports.ts Rerunning...
c🚀 RiskMate Backend API running on port 5173
📡 Health check: http://localhost:5173/health
4:23:49 PM [tsx] change in ./src/routes/reports.ts Restarting...
c ELIFECYCLE  Command failed with exit code 15.
